{"@timestamp":"2025-12-08T00:45:37.5759615+05:30","level":"INFO","logger_name":"com.medassist.common.integration.MedAssistIntegrationTest","message":"Starting MedAssistIntegrationTest using Java 21.0.4 with PID 32348 (started by sharm in E:\\IJ_Projects\\medassist-backend)","traceId":"","userId":"","endpoint":"","method":"","duration":""}
{"@timestamp":"2025-12-08T00:45:37.631668+05:30","level":"INFO","logger_name":"com.medassist.common.integration.MedAssistIntegrationTest","message":"The following 1 profile is active: \"test\"","traceId":"","userId":"","endpoint":"","method":"","duration":""}
{"@timestamp":"2025-12-08T00:45:45.0316251+05:30","level":"WARN","logger_name":"org.hibernate.orm.deprecation","message":"HHH90000025: H2Dialect does not need to be specified explicitly using 'hibernate.dialect' (remove the property setting and it will be selected by default)","traceId":"","userId":"","endpoint":"","method":"","duration":""}
{"@timestamp":"2025-12-08T00:45:52.0854143+05:30","level":"INFO","logger_name":"com.medassist.auth.service.JwtTokenService","message":"JWT configuration validated successfully","traceId":"","userId":"","endpoint":"","method":"","duration":""}
{"@timestamp":"2025-12-08T00:45:54.0321035+05:30","level":"WARN","logger_name":"org.springframework.boot.autoconfigure.orm.jpa.JpaBaseConfiguration$JpaWebConfiguration","message":"spring.jpa.open-in-view is enabled by default. Therefore, database queries may be performed during view rendering. Explicitly configure spring.jpa.open-in-view to disable this warning","traceId":"","userId":"","endpoint":"","method":"","duration":""}
{"@timestamp":"2025-12-08T00:45:58.6434611+05:30","level":"INFO","logger_name":"com.medassist.common.integration.MedAssistIntegrationTest","message":"Started MedAssistIntegrationTest in 22.478 seconds (process running for 24.464)","traceId":"","userId":"","endpoint":"","method":"","duration":""}
{"@timestamp":"2025-12-08T00:45:59.2737679+05:30","level":"INFO","logger_name":"com.medassist.ai.service.CoreDataInitializationService","message":"Sample medicines initialized successfully!","traceId":"","userId":"","endpoint":"","method":"","duration":""}
{"@timestamp":"2025-12-08T00:45:59.3003927+05:30","level":"INFO","logger_name":"com.medassist.ai.service.CoreDataInitializationService","message":"Sample pharmacies initialized successfully!","traceId":"","userId":"","endpoint":"","method":"","duration":""}
{"@timestamp":"2025-12-08T00:45:59.3014917+05:30","level":"INFO","logger_name":"com.medassist.auth.service.BackendDataInitializationService","message":"Initializing application data...","traceId":"","userId":"","endpoint":"","method":"","duration":""}
{"@timestamp":"2025-12-08T00:45:59.4905925+05:30","level":"INFO","logger_name":"com.medassist.auth.service.BackendDataInitializationService","message":"Application data initialization complete.","traceId":"","userId":"","endpoint":"","method":"","duration":""}
{"@timestamp":"2025-12-08T00:46:32.4060509+05:30","level":"INFO","logger_name":"com.medassist.common.integration.MedAssistIntegrationTest","message":"Starting MedAssistIntegrationTest using Java 21.0.4 with PID 17144 (started by sharm in E:\\IJ_Projects\\medassist-backend)","traceId":"","userId":"","endpoint":"","method":"","duration":""}
{"@timestamp":"2025-12-08T00:46:32.4180599+05:30","level":"INFO","logger_name":"com.medassist.common.integration.MedAssistIntegrationTest","message":"The following 1 profile is active: \"test\"","traceId":"","userId":"","endpoint":"","method":"","duration":""}
{"@timestamp":"2025-12-08T00:46:40.0181422+05:30","level":"WARN","logger_name":"org.hibernate.orm.deprecation","message":"HHH90000025: H2Dialect does not need to be specified explicitly using 'hibernate.dialect' (remove the property setting and it will be selected by default)","traceId":"","userId":"","endpoint":"","method":"","duration":""}
{"@timestamp":"2025-12-08T00:46:47.0164021+05:30","level":"INFO","logger_name":"com.medassist.auth.service.JwtTokenService","message":"JWT configuration validated successfully","traceId":"","userId":"","endpoint":"","method":"","duration":""}
{"@timestamp":"2025-12-08T00:46:49.6998326+05:30","level":"WARN","logger_name":"org.springframework.boot.autoconfigure.orm.jpa.JpaBaseConfiguration$JpaWebConfiguration","message":"spring.jpa.open-in-view is enabled by default. Therefore, database queries may be performed during view rendering. Explicitly configure spring.jpa.open-in-view to disable this warning","traceId":"","userId":"","endpoint":"","method":"","duration":""}
{"@timestamp":"2025-12-08T00:46:53.6818205+05:30","level":"INFO","logger_name":"com.medassist.common.integration.MedAssistIntegrationTest","message":"Started MedAssistIntegrationTest in 22.452 seconds (process running for 24.476)","traceId":"","userId":"","endpoint":"","method":"","duration":""}
{"@timestamp":"2025-12-08T00:46:54.1388086+05:30","level":"INFO","logger_name":"com.medassist.ai.service.CoreDataInitializationService","message":"Sample medicines initialized successfully!","traceId":"","userId":"","endpoint":"","method":"","duration":""}
{"@timestamp":"2025-12-08T00:46:54.159605+05:30","level":"INFO","logger_name":"com.medassist.ai.service.CoreDataInitializationService","message":"Sample pharmacies initialized successfully!","traceId":"","userId":"","endpoint":"","method":"","duration":""}
{"@timestamp":"2025-12-08T00:46:54.1606193+05:30","level":"INFO","logger_name":"com.medassist.auth.service.BackendDataInitializationService","message":"Initializing application data...","traceId":"","userId":"","endpoint":"","method":"","duration":""}
{"@timestamp":"2025-12-08T00:46:54.2962693+05:30","level":"INFO","logger_name":"com.medassist.auth.service.BackendDataInitializationService","message":"Application data initialization complete.","traceId":"","userId":"","endpoint":"","method":"","duration":""}
{"@timestamp":"2025-12-08T00:46:58.9364378+05:30","level":"INFO","logger_name":"com.medassist.MedassistApplicationTests","message":"Starting MedassistApplicationTests using Java 21.0.4 with PID 17144 (started by sharm in E:\\IJ_Projects\\medassist-backend)","traceId":"","userId":"","endpoint":"","method":"","duration":""}
{"@timestamp":"2025-12-08T00:46:58.9374359+05:30","level":"INFO","logger_name":"com.medassist.MedassistApplicationTests","message":"The following 1 profile is active: \"test\"","traceId":"","userId":"","endpoint":"","method":"","duration":""}
{"@timestamp":"2025-12-08T00:47:00.4229658+05:30","level":"WARN","logger_name":"org.hibernate.orm.deprecation","message":"HHH90000025: H2Dialect does not need to be specified explicitly using 'hibernate.dialect' (remove the property setting and it will be selected by default)","traceId":"","userId":"","endpoint":"","method":"","duration":""}
{"@timestamp":"2025-12-08T00:47:01.4872306+05:30","level":"INFO","logger_name":"com.medassist.auth.service.JwtTokenService","message":"JWT configuration validated successfully","traceId":"","userId":"","endpoint":"","method":"","duration":""}
{"@timestamp":"2025-12-08T00:47:01.6853866+05:30","level":"WARN","logger_name":"org.springframework.boot.autoconfigure.orm.jpa.JpaBaseConfiguration$JpaWebConfiguration","message":"spring.jpa.open-in-view is enabled by default. Therefore, database queries may be performed during view rendering. Explicitly configure spring.jpa.open-in-view to disable this warning","traceId":"","userId":"","endpoint":"","method":"","duration":""}
{"@timestamp":"2025-12-08T00:47:02.5941404+05:30","level":"INFO","logger_name":"com.medassist.MedassistApplicationTests","message":"Started MedassistApplicationTests in 3.709 seconds (process running for 33.389)","traceId":"","userId":"","endpoint":"","method":"","duration":""}
{"@timestamp":"2025-12-08T00:47:02.6215971+05:30","level":"INFO","logger_name":"com.medassist.ai.service.CoreDataInitializationService","message":"Sample medicines initialized successfully!","traceId":"","userId":"","endpoint":"","method":"","duration":""}
{"@timestamp":"2025-12-08T00:47:02.6371969+05:30","level":"INFO","logger_name":"com.medassist.ai.service.CoreDataInitializationService","message":"Sample pharmacies initialized successfully!","traceId":"","userId":"","endpoint":"","method":"","duration":""}
{"@timestamp":"2025-12-08T00:47:02.6381923+05:30","level":"INFO","logger_name":"com.medassist.auth.service.BackendDataInitializationService","message":"Initializing application data...","traceId":"","userId":"","endpoint":"","method":"","duration":""}
{"@timestamp":"2025-12-08T00:47:02.724189+05:30","level":"INFO","logger_name":"com.medassist.auth.service.BackendDataInitializationService","message":"Application data initialization complete.","traceId":"","userId":"","endpoint":"","method":"","duration":""}
